<?xml version="1.0" encoding="UTF-8"?>
<!-- Generated by org.testng.reporters.JUnitReportReporter -->
<testsuite hostname="DESKTOP-HLRN211" failures="0" tests="3" name="Test_Ngg.A" time="0.037" errors="0" timestamp="2022-09-05T11:52:34 IST" skipped="1">
  <testcase classname="Test_Ngg.A" name="tc2" time="0.012"/>
  <system-out>
    <![CDATA[hii]]>
  </system-out>
  <testcase classname="Test_Ngg.A" name="tc1" time="0.025"/>
  <system-out>
    <![CDATA[hii]]>
  </system-out>
  <testcase classname="Test_Ngg.A" name="tc3">
    <skipped/>
  </testcase> <!-- tc3 -->
  <system-out/>
</testsuite> <!-- Test_Ngg.A -->
