<?xml version="1.0" encoding="UTF-8"?>
<!-- Generated by org.testng.reporters.JUnitReportReporter -->
<testsuite hostname="DESKTOP-HLRN211" failures="0" tests="1" name="Pom_With_DDF_Using_Test_NG.Kite_Test" time="3.030" errors="0" timestamp="2022-09-07T12:53:51 IST" skipped="0">
  <testcase classname="Pom_With_DDF_Using_Test_NG.Kite_Test" name="verifyUserId" time="3.030"/>
  <system-out>
    <![CDATA[running verify user id]]>
  </system-out>
</testsuite> <!-- Pom_With_DDF_Using_Test_NG.Kite_Test -->
