<?xml version="1.0" encoding="UTF-8"?>
<!-- Generated by org.testng.reporters.JUnitReportReporter -->
<testsuite hostname="DESKTOP-HLRN211" failures="0" tests="1" name="Parallel_Testing.B" time="12.429" errors="0" timestamp="2022-09-05T18:14:52 IST" skipped="0">
  <testcase classname="Parallel_Testing.B" name="tc1" time="12.429"/>
  <system-out/>
</testsuite> <!-- Parallel_Testing.B -->
