<?xml version="1.0" encoding="UTF-8"?>
<!-- Generated by org.testng.reporters.JUnitReportReporter -->
<testsuite hostname="DESKTOP-HLRN211" failures="0" tests="10" name="Test_Ng_Flages.Invocation_Count" time="0.072" errors="0" timestamp="2022-09-05T14:29:06 IST" skipped="0">
  <testcase classname="Test_Ng_Flages.Invocation_Count" name="tc" time="0.030"/>
  <system-out>
    <![CDATA[Hi]]>
  </system-out>
  <testcase classname="Test_Ng_Flages.Invocation_Count" name="tc" time="0.003"/>
  <system-out>
    <![CDATA[Hi]]>
  </system-out>
  <testcase classname="Test_Ng_Flages.Invocation_Count" name="tc" time="0.004"/>
  <system-out>
    <![CDATA[Hi]]>
  </system-out>
  <testcase classname="Test_Ng_Flages.Invocation_Count" name="tc" time="0.008"/>
  <system-out>
    <![CDATA[Hi]]>
  </system-out>
  <testcase classname="Test_Ng_Flages.Invocation_Count" name="tc" time="0.003"/>
  <system-out>
    <![CDATA[Hi]]>
  </system-out>
  <testcase classname="Test_Ng_Flages.Invocation_Count" name="tc" time="0.007"/>
  <system-out>
    <![CDATA[Hi]]>
  </system-out>
  <testcase classname="Test_Ng_Flages.Invocation_Count" name="tc" time="0.004"/>
  <system-out>
    <![CDATA[Hi]]>
  </system-out>
  <testcase classname="Test_Ng_Flages.Invocation_Count" name="tc" time="0.007"/>
  <system-out>
    <![CDATA[Hi]]>
  </system-out>
  <testcase classname="Test_Ng_Flages.Invocation_Count" name="tc" time="0.002"/>
  <system-out>
    <![CDATA[Hi]]>
  </system-out>
  <testcase classname="Test_Ng_Flages.Invocation_Count" name="tc" time="0.004"/>
  <system-out>
    <![CDATA[Hi]]>
  </system-out>
</testsuite> <!-- Test_Ng_Flages.Invocation_Count -->
