<?xml version="1.0" encoding="UTF-8"?>
<!-- Generated by org.testng.reporters.JUnitReportReporter -->
<testsuite hostname="DESKTOP-HLRN211" failures="0" tests="2" name="Test_Ng_Flages.Depends_On_Methods" time="0.033" errors="0" timestamp="2022-08-25T18:04:47 IST" skipped="0">
  <testcase classname="Test_Ng_Flages.Depends_On_Methods" name="tc2" time="0.004"/>
  <system-out>
    <![CDATA[fine]]>
  </system-out>
  <testcase classname="Test_Ng_Flages.Depends_On_Methods" name="tc1" time="0.029"/>
  <system-out>
    <![CDATA[byy]]>
  </system-out>
</testsuite> <!-- Test_Ng_Flages.Depends_On_Methods -->
