<?xml version="1.0" encoding="UTF-8"?>
<!-- Generated by org.testng.reporters.JUnitReportReporter -->
<testsuite hostname="DESKTOP-HLRN211" failures="0" tests="4" name="Test_Ng_Flages.Priority" time="0.043" errors="0" timestamp="2022-09-05T14:29:28 IST" skipped="0">
  <testcase classname="Test_Ng_Flages.Priority" name="tc4" time="0.031"/>
  <system-out>
    <![CDATA[Hi]]>
  </system-out>
  <testcase classname="Test_Ng_Flages.Priority" name="tc3" time="0.004"/>
  <system-out>
    <![CDATA[h.r.u]]>
  </system-out>
  <testcase classname="Test_Ng_Flages.Priority" name="tc2" time="0.005"/>
  <system-out>
    <![CDATA[fine]]>
  </system-out>
  <testcase classname="Test_Ng_Flages.Priority" name="tc1" time="0.003"/>
  <system-out>
    <![CDATA[byy]]>
  </system-out>
</testsuite> <!-- Test_Ng_Flages.Priority -->
