<?xml version="1.0" encoding="UTF-8"?>
<!-- Generated by org.testng.reporters.JUnitReportReporter -->
<testsuite hostname="DESKTOP-HLRN211" failures="0" tests="2" name="Multibrowser_Testing.A" time="24.184" errors="0" timestamp="2022-09-05T18:20:46 IST" skipped="0">
  <testcase classname="Multibrowser_Testing.A" name="tc1" time="14.913"/>
  <system-out/>
  <testcase classname="Multibrowser_Testing.A" name="tc1" time="9.271"/>
  <system-out/>
</testsuite> <!-- Multibrowser_Testing.A -->
