<?xml version="1.0" encoding="UTF-8"?>
<!-- Generated by org.testng.reporters.JUnitReportReporter -->
<testsuite hostname="DESKTOP-HLRN211" failures="0" tests="1" name="Assert_Methods.Not_Equals" time="0.035" errors="0" timestamp="2022-09-06T10:44:24 IST" skipped="0">
  <testcase classname="Assert_Methods.Not_Equals" name="tc1" time="0.035"/>
  <system-out>
    <![CDATA[hii]]>
  </system-out>
</testsuite> <!-- Assert_Methods.Not_Equals -->
