<?xml version="1.0" encoding="UTF-8"?>
<!-- Generated by org.testng.reporters.JUnitReportReporter -->
<testsuite hostname="DESKTOP-HLRN211" failures="0" tests="4" name="Test_Ng_Flages.Enabled" time="0.034" errors="0" timestamp="2022-08-25T18:00:27 IST" skipped="1">
  <testcase classname="Test_Ng_Flages.Enabled" name="tc3" time="0.027"/>
  <system-out>
    <![CDATA[h.r.u]]>
  </system-out>
  <testcase classname="Test_Ng_Flages.Enabled" name="tc2" time="0.003"/>
  <system-out>
    <![CDATA[fine]]>
  </system-out>
  <testcase classname="Test_Ng_Flages.Enabled" name="tc1" time="0.004"/>
  <system-out>
    <![CDATA[byy]]>
  </system-out>
  <testcase classname="Test_Ng_Flages.Enabled" name="tc4">
    <skipped/>
  </testcase> <!-- tc4 -->
  <system-out/>
</testsuite> <!-- Test_Ng_Flages.Enabled -->
