<?xml version="1.0" encoding="UTF-8"?>
<!-- Generated by org.testng.reporters.JUnitReportReporter -->
<testsuite hostname="DESKTOP-HLRN211" failures="0" tests="1" name="Test_Ng.Anotations" time="0.035" errors="0" timestamp="2022-09-05T10:50:53 IST" skipped="0">
  <testcase classname="Test_Ng.Anotations" name="verifyId" time="0.035"/>
  <system-out>
    <![CDATA[verify user id]]>
  </system-out>
</testsuite> <!-- Test_Ng.Anotations -->
