<?xml version="1.0" encoding="UTF-8"?>
<!-- Generated by org.testng.reporters.JUnitReportReporter -->
<testsuite hostname="DESKTOP-HLRN211" failures="0" tests="3" name="Test_Ngg.C" time="0.043" errors="0" timestamp="2022-09-05T11:16:05 IST" skipped="0">
  <testcase classname="Test_Ngg.C" name="tc9" time="0.005"/>
  <system-out>
    <![CDATA[hii]]>
  </system-out>
  <testcase classname="Test_Ngg.C" name="tc8" time="0.005"/>
  <system-out>
    <![CDATA[hii]]>
  </system-out>
  <testcase classname="Test_Ngg.C" name="tc7" time="0.033"/>
  <system-out>
    <![CDATA[hii]]>
  </system-out>
</testsuite> <!-- Test_Ngg.C -->
