<?xml version="1.0" encoding="UTF-8"?>
<!-- Generated by org.testng.reporters.JUnitReportReporter -->
<testsuite hostname="DESKTOP-HLRN211" failures="0" tests="3" name="Test_Ngg.B" time="0.020" errors="0" timestamp="2022-09-05T11:16:05 IST" skipped="0">
  <testcase classname="Test_Ngg.B" name="tc4" time="0.005"/>
  <system-out>
    <![CDATA[hii]]>
  </system-out>
  <testcase classname="Test_Ngg.B" name="tc5" time="0.012"/>
  <system-out>
    <![CDATA[hii]]>
  </system-out>
  <testcase classname="Test_Ngg.B" name="tc6" time="0.003"/>
  <system-out>
    <![CDATA[hii]]>
  </system-out>
</testsuite> <!-- Test_Ngg.B -->
