<?xml version="1.0" encoding="UTF-8"?>
<!-- Generated by org.testng.reporters.JUnitReportReporter -->
<testsuite hostname="DESKTOP-HLRN211" failures="0" tests="1" name="Test_Ng.A" time="0.032" errors="0" timestamp="2022-08-25T16:42:24 IST" skipped="0">
  <testcase classname="Test_Ng.A" name="Tc" time="0.032"/>
  <system-out>
    <![CDATA[Hi]]>
  </system-out>
</testsuite> <!-- Test_Ng.A -->
